Linked: (/home/max/master_thesis_ros/catkin_ws/devel/.private/file_server/share/file_server/cmake/file_server-msg-paths.cmake, /home/max/master_thesis_ros/catkin_ws/devel/share/file_server/cmake/file_server-msg-paths.cmake)
Linked: (/home/max/master_thesis_ros/catkin_ws/devel/.private/file_server/share/file_server/cmake/file_serverConfig-version.cmake, /home/max/master_thesis_ros/catkin_ws/devel/share/file_server/cmake/file_serverConfig-version.cmake)
Linked: (/home/max/master_thesis_ros/catkin_ws/devel/.private/file_server/share/file_server/cmake/file_serverConfig.cmake, /home/max/master_thesis_ros/catkin_ws/devel/share/file_server/cmake/file_serverConfig.cmake)
Linked: (/home/max/master_thesis_ros/catkin_ws/devel/.private/file_server/share/file_server/cmake/file_server-msg-extras.cmake, /home/max/master_thesis_ros/catkin_ws/devel/share/file_server/cmake/file_server-msg-extras.cmake)
Linked: (/home/max/master_thesis_ros/catkin_ws/devel/.private/file_server/share/common-lisp/ros/file_server/srv/_package_GetBinaryFile.lisp, /home/max/master_thesis_ros/catkin_ws/devel/share/common-lisp/ros/file_server/srv/_package_GetBinaryFile.lisp)
Linked: (/home/max/master_thesis_ros/catkin_ws/devel/.private/file_server/share/common-lisp/ros/file_server/srv/GetBinaryFile.lisp, /home/max/master_thesis_ros/catkin_ws/devel/share/common-lisp/ros/file_server/srv/GetBinaryFile.lisp)
Linked: (/home/max/master_thesis_ros/catkin_ws/devel/.private/file_server/share/common-lisp/ros/file_server/srv/file_server-srv.asd, /home/max/master_thesis_ros/catkin_ws/devel/share/common-lisp/ros/file_server/srv/file_server-srv.asd)
Linked: (/home/max/master_thesis_ros/catkin_ws/devel/.private/file_server/share/common-lisp/ros/file_server/srv/SaveBinaryFile.lisp, /home/max/master_thesis_ros/catkin_ws/devel/share/common-lisp/ros/file_server/srv/SaveBinaryFile.lisp)
Linked: (/home/max/master_thesis_ros/catkin_ws/devel/.private/file_server/share/common-lisp/ros/file_server/srv/_package_SaveBinaryFile.lisp, /home/max/master_thesis_ros/catkin_ws/devel/share/common-lisp/ros/file_server/srv/_package_SaveBinaryFile.lisp)
Linked: (/home/max/master_thesis_ros/catkin_ws/devel/.private/file_server/share/common-lisp/ros/file_server/srv/_package.lisp, /home/max/master_thesis_ros/catkin_ws/devel/share/common-lisp/ros/file_server/srv/_package.lisp)
Linked: (/home/max/master_thesis_ros/catkin_ws/devel/.private/file_server/share/roseus/ros/file_server/manifest.l, /home/max/master_thesis_ros/catkin_ws/devel/share/roseus/ros/file_server/manifest.l)
Linked: (/home/max/master_thesis_ros/catkin_ws/devel/.private/file_server/share/roseus/ros/file_server/srv/GetBinaryFile.l, /home/max/master_thesis_ros/catkin_ws/devel/share/roseus/ros/file_server/srv/GetBinaryFile.l)
Linked: (/home/max/master_thesis_ros/catkin_ws/devel/.private/file_server/share/roseus/ros/file_server/srv/SaveBinaryFile.l, /home/max/master_thesis_ros/catkin_ws/devel/share/roseus/ros/file_server/srv/SaveBinaryFile.l)
Linked: (/home/max/master_thesis_ros/catkin_ws/devel/.private/file_server/share/gennodejs/ros/file_server/_index.js, /home/max/master_thesis_ros/catkin_ws/devel/share/gennodejs/ros/file_server/_index.js)
Linked: (/home/max/master_thesis_ros/catkin_ws/devel/.private/file_server/share/gennodejs/ros/file_server/srv/_index.js, /home/max/master_thesis_ros/catkin_ws/devel/share/gennodejs/ros/file_server/srv/_index.js)
Linked: (/home/max/master_thesis_ros/catkin_ws/devel/.private/file_server/share/gennodejs/ros/file_server/srv/SaveBinaryFile.js, /home/max/master_thesis_ros/catkin_ws/devel/share/gennodejs/ros/file_server/srv/SaveBinaryFile.js)
Linked: (/home/max/master_thesis_ros/catkin_ws/devel/.private/file_server/share/gennodejs/ros/file_server/srv/GetBinaryFile.js, /home/max/master_thesis_ros/catkin_ws/devel/share/gennodejs/ros/file_server/srv/GetBinaryFile.js)
Linked: (/home/max/master_thesis_ros/catkin_ws/devel/.private/file_server/include/file_server/GetBinaryFileResponse.h, /home/max/master_thesis_ros/catkin_ws/devel/include/file_server/GetBinaryFileResponse.h)
Linked: (/home/max/master_thesis_ros/catkin_ws/devel/.private/file_server/include/file_server/SaveBinaryFileResponse.h, /home/max/master_thesis_ros/catkin_ws/devel/include/file_server/SaveBinaryFileResponse.h)
Linked: (/home/max/master_thesis_ros/catkin_ws/devel/.private/file_server/include/file_server/GetBinaryFile.h, /home/max/master_thesis_ros/catkin_ws/devel/include/file_server/GetBinaryFile.h)
Linked: (/home/max/master_thesis_ros/catkin_ws/devel/.private/file_server/include/file_server/SaveBinaryFileRequest.h, /home/max/master_thesis_ros/catkin_ws/devel/include/file_server/SaveBinaryFileRequest.h)
Linked: (/home/max/master_thesis_ros/catkin_ws/devel/.private/file_server/include/file_server/SaveBinaryFile.h, /home/max/master_thesis_ros/catkin_ws/devel/include/file_server/SaveBinaryFile.h)
Linked: (/home/max/master_thesis_ros/catkin_ws/devel/.private/file_server/include/file_server/GetBinaryFileRequest.h, /home/max/master_thesis_ros/catkin_ws/devel/include/file_server/GetBinaryFileRequest.h)
Linked: (/home/max/master_thesis_ros/catkin_ws/devel/.private/file_server/lib/python3/dist-packages/file_server/__init__.py, /home/max/master_thesis_ros/catkin_ws/devel/lib/python3/dist-packages/file_server/__init__.py)
Linked: (/home/max/master_thesis_ros/catkin_ws/devel/.private/file_server/lib/python3/dist-packages/file_server/srv/_GetBinaryFile.py, /home/max/master_thesis_ros/catkin_ws/devel/lib/python3/dist-packages/file_server/srv/_GetBinaryFile.py)
Linked: (/home/max/master_thesis_ros/catkin_ws/devel/.private/file_server/lib/python3/dist-packages/file_server/srv/_SaveBinaryFile.py, /home/max/master_thesis_ros/catkin_ws/devel/lib/python3/dist-packages/file_server/srv/_SaveBinaryFile.py)
Linked: (/home/max/master_thesis_ros/catkin_ws/devel/.private/file_server/lib/python3/dist-packages/file_server/srv/__init__.py, /home/max/master_thesis_ros/catkin_ws/devel/lib/python3/dist-packages/file_server/srv/__init__.py)
Linked: (/home/max/master_thesis_ros/catkin_ws/devel/.private/file_server/lib/pkgconfig/file_server.pc, /home/max/master_thesis_ros/catkin_ws/devel/lib/pkgconfig/file_server.pc)
Linked: (/home/max/master_thesis_ros/catkin_ws/devel/.private/file_server/lib/file_server/file_server, /home/max/master_thesis_ros/catkin_ws/devel/lib/file_server/file_server)
