Performing C++ SOURCE FILE Test CMAKE_HAVE_LIBC_PTHREAD failed with the following output:
Change Dir: /home/max/master_thesis_ros/catkin_ws/build/kiss_icp/CMakeFiles/CMakeTmp

Run Build Command(s):/usr/bin/make cmTC_21fb8/fast && /usr/bin/make -f CMakeFiles/cmTC_21fb8.dir/build.make CMakeFiles/cmTC_21fb8.dir/build
make[1]: Entering directory '/home/max/master_thesis_ros/catkin_ws/build/kiss_icp/CMakeFiles/CMakeTmp'
Building CXX object CMakeFiles/cmTC_21fb8.dir/src.cxx.o
/usr/bin/c++    -DCMAKE_HAVE_LIBC_PTHREAD   -o CMakeFiles/cmTC_21fb8.dir/src.cxx.o -c /home/max/master_thesis_ros/catkin_ws/build/kiss_icp/CMakeFiles/CMakeTmp/src.cxx
Linking CXX executable cmTC_21fb8
/usr/bin/cmake -E cmake_link_script CMakeFiles/cmTC_21fb8.dir/link.txt --verbose=1
/usr/bin/c++   -DCMAKE_HAVE_LIBC_PTHREAD    CMakeFiles/cmTC_21fb8.dir/src.cxx.o  -o cmTC_21fb8 
/usr/bin/ld: CMakeFiles/cmTC_21fb8.dir/src.cxx.o: in function `main':
src.cxx:(.text+0x46): undefined reference to `pthread_create'
/usr/bin/ld: src.cxx:(.text+0x52): undefined reference to `pthread_detach'
/usr/bin/ld: src.cxx:(.text+0x63): undefined reference to `pthread_join'
collect2: error: ld returned 1 exit status
make[1]: *** [CMakeFiles/cmTC_21fb8.dir/build.make:87: cmTC_21fb8] Error 1
make[1]: Leaving directory '/home/max/master_thesis_ros/catkin_ws/build/kiss_icp/CMakeFiles/CMakeTmp'
make: *** [Makefile:121: cmTC_21fb8/fast] Error 2


Source file was:
#include <pthread.h>

void* test_func(void* data)
{
  return data;
}

int main(void)
{
  pthread_t thread;
  pthread_create(&thread, NULL, test_func, NULL);
  pthread_detach(thread);
  pthread_join(thread, NULL);
  pthread_atfork(NULL, NULL, NULL);
  pthread_exit(NULL);

  return 0;
}

Determining if the function pthread_create exists in the pthreads failed with the following output:
Change Dir: /home/max/master_thesis_ros/catkin_ws/build/kiss_icp/CMakeFiles/CMakeTmp

Run Build Command(s):/usr/bin/make cmTC_a0bad/fast && /usr/bin/make -f CMakeFiles/cmTC_a0bad.dir/build.make CMakeFiles/cmTC_a0bad.dir/build
make[1]: Entering directory '/home/max/master_thesis_ros/catkin_ws/build/kiss_icp/CMakeFiles/CMakeTmp'
Building CXX object CMakeFiles/cmTC_a0bad.dir/CheckFunctionExists.cxx.o
/usr/bin/c++    -DCHECK_FUNCTION_EXISTS=pthread_create   -o CMakeFiles/cmTC_a0bad.dir/CheckFunctionExists.cxx.o -c /home/max/master_thesis_ros/catkin_ws/build/kiss_icp/CMakeFiles/CheckLibraryExists/CheckFunctionExists.cxx
Linking CXX executable cmTC_a0bad
/usr/bin/cmake -E cmake_link_script CMakeFiles/cmTC_a0bad.dir/link.txt --verbose=1
/usr/bin/c++   -DCHECK_FUNCTION_EXISTS=pthread_create    CMakeFiles/cmTC_a0bad.dir/CheckFunctionExists.cxx.o  -o cmTC_a0bad  -lpthreads 
/usr/bin/ld: cannot find -lpthreads
collect2: error: ld returned 1 exit status
make[1]: *** [CMakeFiles/cmTC_a0bad.dir/build.make:87: cmTC_a0bad] Error 1
make[1]: Leaving directory '/home/max/master_thesis_ros/catkin_ws/build/kiss_icp/CMakeFiles/CMakeTmp'
make: *** [Makefile:121: cmTC_a0bad/fast] Error 2



